<?xml version="1.0" ?>
<!DOCTYPE coverage SYSTEM "https://cobertura.sourceforge.net/xml/coverage-04.dtd">
<coverage branch-rate="0" branches-covered="0" branches-valid="0" complexity="0" line-rate="0.9649044868947134" lines-covered="4344" lines-valid="4502" timestamp="1772254731" version="2.0.3">
    <sources>
        <source>/home/runner/work/trogonai/trogonai/rsworkspace</source>
    </sources>
    <packages>
        <package line-rate="0.9116465863453815" branch-rate="0" name="crates.trogon-std.src.fs" complexity="0">
            <classes>
                <class branch-rate="0" complexity="0" filename="crates/trogon-std/src/fs/mem.rs" line-rate="0.9545454545454546" name="crates.trogon-std.src.fs.mem.rs">
                    <methods>
                        <method name="&lt;trogon_std::fs::mem::MemFs&gt;::insert::&lt;&amp;std::path::Path, &amp;str&gt;" signature="" complexity="0" line-rate="1" branch-rate="1">
                            <lines>
                                <line hits="1" number="54" branch="false"/>
                            </lines>
                        </method>
                        <method name="&lt;trogon_std::fs::mem::MemFs&gt;::insert::&lt;&amp;str, &amp;str&gt;" signature="" complexity="0" line-rate="1" branch-rate="1">
                            <lines>
                                <line hits="7" number="54" branch="false"/>
                            </lines>
                        </method>
                        <method name="&lt;trogon_std::fs::mem::MemFs&gt;::insert::&lt;_, _&gt;" signature="" complexity="0" line-rate="0" branch-rate="0">
                            <lines>
                                <line hits="0" number="54" branch="false"/>
                            </lines>
                        </method>
                        <method name="trogon_std::fs::mem::tests::test_generic_function_with_memfs::read_config::&lt;trogon_std::fs::mem::MemFs&gt;" signature="" complexity="0" line-rate="1" branch-rate="1">
                            <lines>
                                <line hits="2" number="372" branch="false"/>
                            </lines>
                        </method>
                        <method name="trogon_std::fs::mem::tests::test_generic_function_with_memfs::read_config::&lt;trogon_std::fs::mem::MemFs&gt;::{closure#0}" signature="" complexity="0" line-rate="1" branch-rate="1">
                            <lines>
                                <line hits="1" number="373" branch="false"/>
                            </lines>
                        </method>
                        <method name="&lt;trogon_std::fs::mem::MemFs as trogon_std::fs::read_file::ReadFile&gt;::read_to_string::{closure#0}" signature="" complexity="0" line-rate="1" branch-rate="1">
                            <lines>
                                <line hits="2" number="97" branch="false"/>
                            </lines>
                        </method>
                        <method name="&lt;trogon_std::fs::mem::MemFs as trogon_std::fs::read_file::ReadFile&gt;::read_to_string::{closure#0}" signature="" complexity="0" line-rate="0" branch-rate="0">
                            <lines>
                                <line hits="0" number="97" branch="false"/>
                            </lines>
                        </method>
                        <method name="&lt;trogon_std::fs::mem::MemAppendWriter as std::io::Write&gt;::write::{closure#0}" signature="" complexity="0" line-rate="0" branch-rate="0">
                            <lines>
                                <line hits="0" number="123" branch="false"/>
                            </lines>
                        </method>
                        <method name="&lt;trogon_std::fs::mem::MemAppendWriter as std::io::Write&gt;::write::{closure#0}" signature="" complexity="0" line-rate="0" branch-rate="0">
                            <lines>
                                <line hits="0" number="123" branch="false"/>
                            </lines>
                        </method>
                        <method name="&lt;trogon_std::fs::mem::MemFs&gt;::dir_exists" signature="" complexity="0" line-rate="1" branch-rate="1">
                            <lines>
                                <line hits="5" number="73" branch="false"/>
                            </lines>
                        </method>
                        <method name="&lt;trogon_std::fs::mem::MemFs&gt;::was_opened" signature="" complexity="0" line-rate="0" branch-rate="0">
                            <lines>
                                <line hits="0" number="77" branch="false"/>
                            </lines>
                        </method>
                        <method name="&lt;trogon_std::fs::mem::MemFs&gt;::len" signature="" complexity="0" line-rate="1" branch-rate="1">
                            <lines>
                                <line hits="4" number="65" branch="false"/>
                            </lines>
                        </method>
                        <method name="&lt;trogon_std::fs::mem::MemFs&gt;::new" signature="" complexity="0" line-rate="1" branch-rate="1">
                            <lines>
                                <line hits="18" number="46" branch="false"/>
                            </lines>
                        </method>
                        <method name="&lt;trogon_std::fs::mem::MemFs&gt;::paths" signature="" complexity="0" line-rate="0" branch-rate="0">
                            <lines>
                                <line hits="0" number="61" branch="false"/>
                            </lines>
                        </method>
                        <method name="&lt;trogon_std::fs::mem::MemFs&gt;::is_empty" signature="" complexity="0" line-rate="1" branch-rate="1">
                            <lines>
                                <line hits="3" number="69" branch="false"/>
                            </lines>
                        </method>
                        <method name="&lt;trogon_std::fs::mem::MemFs&gt;::dir_exists" signature="" complexity="0" line-rate="0" branch-rate="0">
                            <lines>
                                <line hits="0" number="73" branch="false"/>
                            </lines>
                        </method>
                        <method name="&lt;trogon_std::fs::mem::MemFs&gt;::was_opened" signature="" complexity="0" line-rate="0" branch-rate="0">
                            <lines>
                                <line hits="0" number="77" branch="false"/>
                            </lines>
                        </method>
                        <method name="&lt;trogon_std::fs::mem::MemFs&gt;::len" signature="" complexity="0" line-rate="0" branch-rate="0">
                            <lines>
                                <line hits="0" number="65" branch="false"/>
                            </lines>
                        </method>
                        <method name="&lt;trogon_std::fs::mem::MemFs&gt;::new" signature="" complexity="0" line-rate="0" branch-rate="0">
                            <lines>
                                <line hits="0" number="46" branch="false"/>
                            </lines>
                        </method>
                        <method name="&lt;trogon_std::fs::mem::MemFs&gt;::paths" signature="" complexity="0" line-rate="0" branch-rate="0">
                            <lines>
                                <line hits="0" number="61" branch="false"/>
                            </lines>
                        </method>
                        <method name="&lt;trogon_std::fs::mem::MemFs&gt;::is_empty" signature="" complexity="0" line-rate="0" branch-rate="0">
                            <lines>
                                <line hits="0" number="69" branch="false"/>
                            </lines>
                        </method>
                        <method name="trogon_std::fs::mem::tests::test_memfs_empty" signature="" complexity="0" line-rate="1" branch-rate="1">
                            <lines>
                                <line hits="1" number="247" branch="false"/>
                            </lines>
                        </method>
                        <method name="trogon_std::fs::mem::tests::test_memfs_exists" signature="" complexity="0" line-rate="1" branch-rate="1">
                            <lines>
                                <line hits="1" number="191" branch="false"/>
                            </lines>
                        </method>
                        <method name="trogon_std::fs::mem::tests::test_memfs_default" signature="" complexity="0" line-rate="1" branch-rate="1">
                            <lines>
                                <line hits="1" number="258" branch="false"/>
                            </lines>
                        </method>
                        <method name="trogon_std::fs::mem::tests::test_memfs_not_found" signature="" complexity="0" line-rate="1" branch-rate="1">
                            <lines>
                                <line hits="1" number="201" branch="false"/>
                            </lines>
                        </method>
                        <method name="trogon_std::fs::mem::tests::test_memfs_overwrite" signature="" complexity="0" line-rate="1" branch-rate="1">
                            <lines>
                                <line hits="1" number="224" branch="false"/>
                            </lines>
                        </method>
                        <method name="trogon_std::fs::mem::tests::test_memfs_nested_paths" signature="" complexity="0" line-rate="1" branch-rate="1">
                            <lines>
                                <line hits="1" number="284" branch="false"/>
                            </lines>
                        </method>
                        <method name="trogon_std::fs::mem::tests::test_memfs_empty_content" signature="" complexity="0" line-rate="1" branch-rate="1">
                            <lines>
                                <line hits="1" number="274" branch="false"/>
                            </lines>
                        </method>
                        <method name="trogon_std::fs::mem::tests::test_memfs_insert_helper" signature="" complexity="0" line-rate="1" branch-rate="1">
                            <lines>
                                <line hits="1" number="238" branch="false"/>
                            </lines>
                        </method>
                        <method name="trogon_std::fs::mem::tests::test_memfs_create_dir_all" signature="" complexity="0" line-rate="1" branch-rate="1">
                            <lines>
                                <line hits="1" number="331" branch="false"/>
                            </lines>
                        </method>
                        <method name="trogon_std::fs::mem::tests::test_memfs_multiple_files" signature="" complexity="0" line-rate="1" branch-rate="1">
                            <lines>
                                <line hits="1" number="210" branch="false"/>
                            </lines>
                        </method>
                        <method name="trogon_std::fs::mem::tests::test_memfs_write_and_read" signature="" complexity="0" line-rate="1" branch-rate="1">
                            <lines>
                                <line hits="1" number="180" branch="false"/>
                            </lines>
                        </method>
                        <method name="trogon_std::fs::mem::tests::test_memfs_unicode_content" signature="" complexity="0" line-rate="1" branch-rate="1">
                            <lines>
                                <line hits="1" number="264" branch="false"/>
                            </lines>
                        </method>
                        <method name="trogon_std::fs::mem::tests::test_generic_function_with_memfs" signature="" complexity="0" line-rate="1" branch-rate="1">
                            <lines>
                                <line hits="1" number="369" branch="false"/>
                            </lines>
                        </method>
                        <method name="trogon_std::fs::mem::tests::test_memfs_create_dir_all_idempotent" signature="" complexity="0" line-rate="1" branch-rate="1">
                            <lines>
                                <line hits="1" number="360" branch="false"/>
                            </lines>
                        </method>
                        <method name="trogon_std::fs::mem::tests::test_memfs_open_append_persists_writes" signature="" complexity="0" line-rate="1" branch-rate="1">
                            <lines>
                                <line hits="1" number="301" branch="false"/>
                            </lines>
                        </method>
                        <method name="trogon_std::fs::mem::tests::test_memfs_open_append_to_existing_file" signature="" complexity="0" line-rate="1" branch-rate="1">
                            <lines>
                                <line hits="1" number="316" branch="false"/>
                            </lines>
                        </method>
                        <method name="trogon_std::fs::mem::tests::test_memfs_create_dir_all_fails_when_target_is_file" signature="" complexity="0" line-rate="1" branch-rate="1">
                            <lines>
                                <line hits="1" number="351" branch="false"/>
                            </lines>
                        </method>
                        <method name="trogon_std::fs::mem::tests::test_memfs_create_dir_all_fails_when_component_is_file" signature="" complexity="0" line-rate="1" branch-rate="1">
                            <lines>
                                <line hits="1" number="342" branch="false"/>
                            </lines>
                        </method>
                        <method name="&lt;trogon_std::fs::mem::MemFs as trogon_std::fs::read_file::ReadFile&gt;::read_to_string" signature="" complexity="0" line-rate="1" branch-rate="1">
                            <lines>
                                <line hits="16" number="91" branch="false"/>
                            </lines>
                        </method>
                        <method name="&lt;trogon_std::fs::mem::MemFs as trogon_std::fs::read_file::ReadFile&gt;::read_to_string" signature="" complexity="0" line-rate="0" branch-rate="0">
                            <lines>
                                <line hits="0" number="91" branch="false"/>
                            </lines>
                        </method>
                        <method name="&lt;trogon_std::fs::mem::MemFs as trogon_std::fs::write_file::WriteFile&gt;::write" signature="" complexity="0" line-rate="1" branch-rate="1">
                            <lines>
                                <line hits="9" number="103" branch="false"/>
                            </lines>
                        </method>
                        <method name="&lt;trogon_std::fs::mem::MemFs as trogon_std::fs::write_file::WriteFile&gt;::write" signature="" complexity="0" line-rate="0" branch-rate="0">
                            <lines>
                                <line hits="0" number="103" branch="false"/>
                            </lines>
                        </method>
                        <method name="&lt;trogon_std::fs::mem::MemFs as trogon_std::fs::exists_file::ExistsFile&gt;::exists" signature="" complexity="0" line-rate="1" branch-rate="1">
                            <lines>
                                <line hits="3" number="114" branch="false"/>
                            </lines>
                        </method>
                        <method name="&lt;trogon_std::fs::mem::MemFs as trogon_std::fs::exists_file::ExistsFile&gt;::exists" signature="" complexity="0" line-rate="0" branch-rate="0">
                            <lines>
                                <line hits="0" number="114" branch="false"/>
                            </lines>
                        </method>
                        <method name="&lt;trogon_std::fs::mem::MemAppendWriter as std::io::Write&gt;::flush" signature="" complexity="0" line-rate="0" branch-rate="0">
                            <lines>
                                <line hits="0" number="133" branch="false"/>
                            </lines>
                        </method>
                        <method name="&lt;trogon_std::fs::mem::MemAppendWriter as std::io::Write&gt;::write" signature="" complexity="0" line-rate="1" branch-rate="1">
                            <lines>
                                <line hits="3" number="121" branch="false"/>
                            </lines>
                        </method>
                        <method name="&lt;trogon_std::fs::mem::MemAppendWriter as std::io::Write&gt;::flush" signature="" complexity="0" line-rate="0" branch-rate="0">
                            <lines>
                                <line hits="0" number="133" branch="false"/>
                            </lines>
                        </method>
                        <method name="&lt;trogon_std::fs::mem::MemAppendWriter as std::io::Write&gt;::write" signature="" complexity="0" line-rate="0" branch-rate="0">
                            <lines>
                                <line hits="0" number="121" branch="false"/>
                            </lines>
                        </method>
                        <method name="&lt;trogon_std::fs::mem::MemFs as trogon_std::fs::open_append_file::OpenAppendFile&gt;::open_append" signature="" complexity="0" line-rate="1" branch-rate="1">
                            <lines>
                                <line hits="2" number="142" branch="false"/>
                            </lines>
                        </method>
                        <method name="&lt;trogon_std::fs::mem::MemFs as trogon_std::fs::open_append_file::OpenAppendFile&gt;::open_append" signature="" complexity="0" line-rate="0" branch-rate="0">
                            <lines>
                                <line hits="0" number="142" branch="false"/>
                            </lines>
                        </method>
                        <method name="&lt;trogon_std::fs::mem::MemFs as trogon_std::fs::create_dir_all::CreateDirAll&gt;::create_dir_all" signature="" complexity="0" line-rate="1" branch-rate="1">
                            <lines>
                                <line hits="5" number="153" branch="false"/>
                            </lines>
                        </method>
                        <method name="&lt;trogon_std::fs::mem::MemFs as trogon_std::fs::create_dir_all::CreateDirAll&gt;::create_dir_all" signature="" complexity="0" line-rate="0" branch-rate="0">
                            <lines>
                                <line hits="0" number="153" branch="false"/>
                            </lines>
                        </method>
                        <method name="&lt;trogon_std::fs::mem::MemFs as core::default::Default&gt;::default" signature="" complexity="0" line-rate="1" branch-rate="1">
                            <lines>
                                <line hits="1" number="84" branch="false"/>
                            </lines>
                        </method>
                        <method name="&lt;trogon_std::fs::mem::MemFs as core::default::Default&gt;::default" signature="" complexity="0" line-rate="0" branch-rate="0">
                            <lines>
                                <line hits="0" number="84" branch="false"/>
                            </lines>
                        </method>
                    </methods>
                    <lines>
                        <line branch="false" hits="18" number="46"/>
                        <line branch="false" hits="18" number="47"/>
                        <line branch="false" hits="18" number="48"/>
                        <line branch="false" hits="18" number="49"/>
                        <line branch="false" hits="18" number="50"/>
                        <line branch="false" hits="18" number="51"/>
                        <line branch="false" hits="18" number="52"/>
                        <line branch="false" hits="8" number="54"/>
                        <line branch="false" hits="8" number="55"/>
                        <line branch="false" hits="8" number="56"/>
                        <line branch="false" hits="8" number="57"/>
                        <line branch="false" hits="8" number="58"/>
                        <line branch="false" hits="8" number="59"/>
                        <line branch="false" hits="0" number="61"/>
                        <line branch="false" hits="0" number="62"/>
                        <line branch="false" hits="0" number="63"/>
                        <line branch="false" hits="4" number="65"/>
                        <line branch="false" hits="4" number="66"/>
                        <line branch="false" hits="4" number="67"/>
                        <line branch="false" hits="3" number="69"/>
                        <line branch="false" hits="3" number="70"/>
                        <line branch="false" hits="3" number="71"/>
                        <line branch="false" hits="5" number="73"/>
                        <line branch="false" hits="5" number="74"/>
                        <line branch="false" hits="5" number="75"/>
                        <line branch="false" hits="0" number="77"/>
                        <line branch="false" hits="0" number="78"/>
                        <line branch="false" hits="0" number="79"/>
                        <line branch="false" hits="1" number="84"/>
                        <line branch="false" hits="1" number="85"/>
                        <line branch="false" hits="1" number="86"/>
                        <line branch="false" hits="16" number="91"/>
                        <line branch="false" hits="16" number="92"/>
                        <line branch="false" hits="16" number="93"/>
                        <line branch="false" hits="16" number="94"/>
                        <line branch="false" hits="16" number="95"/>
                        <line branch="false" hits="16" number="96"/>
                        <line branch="false" hits="16" number="97"/>
                        <line branch="false" hits="16" number="98"/>
                        <line branch="false" hits="9" number="103"/>
                        <line branch="false" hits="9" number="104"/>
                        <line branch="false" hits="9" number="105"/>
                        <line branch="false" hits="9" number="106"/>
                        <line branch="false" hits="9" number="107"/>
                        <line branch="false" hits="9" number="108"/>
                        <line branch="false" hits="9" number="109"/>
                        <line branch="false" hits="3" number="114"/>
                        <line branch="false" hits="3" number="115"/>
                        <line branch="false" hits="3" number="116"/>
                        <line branch="false" hits="3" number="121"/>
                        <line branch="false" hits="3" number="122"/>
                        <line branch="false" hits="3" number="123"/>
                        <line branch="false" hits="3" number="124"/>
                        <line branch="false" hits="3" number="125"/>
                        <line branch="false" hits="3" number="126"/>
                        <line branch="false" hits="3" number="127"/>
                        <line branch="false" hits="3" number="128"/>
                        <line branch="false" hits="3" number="129"/>
                        <line branch="false" hits="3" number="130"/>
                        <line branch="false" hits="3" number="131"/>
                        <line branch="false" hits="0" number="133"/>
                        <line branch="false" hits="0" number="134"/>
                        <line branch="false" hits="0" number="135"/>
                        <line branch="false" hits="2" number="142"/>
                        <line branch="false" hits="2" number="143"/>
                        <line branch="false" hits="2" number="144"/>
                        <line branch="false" hits="2" number="145"/>
                        <line branch="false" hits="2" number="146"/>
                        <line branch="false" hits="2" number="147"/>
                        <line branch="false" hits="2" number="148"/>
                        <line branch="false" hits="5" number="153"/>
                        <line branch="false" hits="5" number="154"/>
                        <line branch="false" hits="5" number="155"/>
                        <line branch="false" hits="13" number="156"/>
                        <line branch="false" hits="13" number="157"/>
                        <line branch="false" hits="0" number="158"/>
                        <line branch="false" hits="13" number="159"/>
                        <line branch="false" hits="13" number="160"/>
                        <line branch="false" hits="2" number="161"/>
                        <line branch="false" hits="2" number="162"/>
                        <line branch="false" hits="2" number="163"/>
                        <line branch="false" hits="2" number="164"/>
                        <line branch="false" hits="11" number="165"/>
                        <line branch="false" hits="11" number="166"/>
                        <line branch="false" hits="3" number="168"/>
                        <line branch="false" hits="5" number="169"/>
                        <line branch="false" hits="1" number="180"/>
                        <line branch="false" hits="1" number="181"/>
                        <line branch="false" hits="1" number="182"/>
                        <line branch="false" hits="1" number="184"/>
                        <line branch="false" hits="1" number="185"/>
                        <line branch="false" hits="1" number="187"/>
                        <line branch="false" hits="1" number="188"/>
                        <line branch="false" hits="1" number="191"/>
                        <line branch="false" hits="1" number="192"/>
                        <line branch="false" hits="1" number="193"/>
                        <line branch="false" hits="1" number="195"/>
                        <line branch="false" hits="1" number="196"/>
                        <line branch="false" hits="1" number="197"/>
                        <line branch="false" hits="1" number="198"/>
                        <line branch="false" hits="1" number="201"/>
                        <line branch="false" hits="1" number="202"/>
                        <line branch="false" hits="1" number="203"/>
                        <line branch="false" hits="1" number="205"/>
                        <line branch="false" hits="1" number="206"/>
                        <line branch="false" hits="1" number="207"/>
                        <line branch="false" hits="1" number="210"/>
                        <line branch="false" hits="1" number="211"/>
                        <line branch="false" hits="1" number="213"/>
                        <line branch="false" hits="1" number="214"/>
                        <line branch="false" hits="1" number="215"/>
                        <line branch="false" hits="1" number="217"/>
                        <line branch="false" hits="1" number="218"/>
                        <line branch="false" hits="1" number="219"/>
                        <line branch="false" hits="1" number="220"/>
                        <line branch="false" hits="1" number="221"/>
                        <line branch="false" hits="1" number="224"/>
                        <line branch="false" hits="1" number="225"/>
                        <line branch="false" hits="1" number="226"/>
                        <line branch="false" hits="1" number="228"/>
                        <line branch="false" hits="1" number="229"/>
                        <line branch="false" hits="1" number="231"/>
                        <line branch="false" hits="1" number="232"/>
                        <line branch="false" hits="1" number="234"/>
                        <line branch="false" hits="1" number="235"/>
                        <line branch="false" hits="1" number="238"/>
                        <line branch="false" hits="1" number="239"/>
                        <line branch="false" hits="1" number="240"/>
                        <line branch="false" hits="1" number="242"/>
                        <line branch="false" hits="1" number="243"/>
                        <line branch="false" hits="1" number="244"/>
                        <line branch="false" hits="1" number="247"/>
                        <line branch="false" hits="1" number="248"/>
                        <line branch="false" hits="1" number="249"/>
                        <line branch="false" hits="1" number="250"/>
                        <line branch="false" hits="1" number="252"/>
                        <line branch="false" hits="1" number="253"/>
                        <line branch="false" hits="1" number="254"/>
                        <line branch="false" hits="1" number="255"/>
                        <line branch="false" hits="1" number="258"/>
                        <line branch="false" hits="1" number="259"/>
                        <line branch="false" hits="1" number="260"/>
                        <line branch="false" hits="1" number="261"/>
                        <line branch="false" hits="1" number="264"/>
                        <line branch="false" hits="1" number="265"/>
                        <line branch="false" hits="1" number="266"/>
                        <line branch="false" hits="1" number="267"/>
                        <line branch="false" hits="1" number="269"/>
                        <line branch="false" hits="1" number="270"/>
                        <line branch="false" hits="1" number="271"/>
                        <line branch="false" hits="1" number="274"/>
                        <line branch="false" hits="1" number="275"/>
                        <line branch="false" hits="1" number="276"/>
                        <line branch="false" hits="1" number="278"/>
                        <line branch="false" hits="1" number="279"/>
                        <line branch="false" hits="1" number="280"/>
                        <line branch="false" hits="1" number="281"/>
                        <line branch="false" hits="1" number="284"/>
                        <line branch="false" hits="1" number="285"/>
                        <line branch="false" hits="1" number="287"/>
                        <line branch="false" hits="1" number="288"/>
                        <line branch="false" hits="1" number="290"/>
                        <line branch="false" hits="1" number="291"/>
                        <line branch="false" hits="1" number="294"/>
                        <line branch="false" hits="1" number="295"/>
                        <line branch="false" hits="1" number="298"/>
                        <line branch="false" hits="1" number="301"/>
                        <line branch="false" hits="1" number="304"/>
                        <line branch="false" hits="1" number="305"/>
                        <line branch="false" hits="1" number="307"/>
                        <line branch="false" hits="1" number="308"/>
                        <line branch="false" hits="1" number="309"/>
                        <line branch="false" hits="1" number="310"/>
                        <line branch="false" hits="1" number="312"/>
                        <line branch="false" hits="1" number="313"/>
                        <line branch="false" hits="1" number="316"/>
                        <line branch="false" hits="1" number="319"/>
                        <line branch="false" hits="1" number="320"/>
                        <line branch="false" hits="1" number="321"/>
                        <line branch="false" hits="1" number="323"/>
                        <line branch="false" hits="1" number="324"/>
                        <line branch="false" hits="1" number="325"/>
                        <line branch="false" hits="1" number="327"/>
                        <line branch="false" hits="1" number="328"/>
                        <line branch="false" hits="1" number="331"/>
                        <line branch="false" hits="1" number="332"/>
                        <line branch="false" hits="1" number="333"/>
                        <line branch="false" hits="1" number="335"/>
                        <line branch="false" hits="1" number="336"/>
                        <line branch="false" hits="1" number="337"/>
                        <line branch="false" hits="1" number="338"/>
                        <line branch="false" hits="1" number="339"/>
                        <line branch="false" hits="1" number="342"/>
                        <line branch="false" hits="1" number="343"/>
                        <line branch="false" hits="1" number="344"/>
                        <line branch="false" hits="1" number="346"/>
                        <line branch="false" hits="1" number="347"/>
                        <line branch="false" hits="1" number="348"/>
                        <line branch="false" hits="1" number="351"/>
                        <line branch="false" hits="1" number="352"/>
                        <line branch="false" hits="1" number="353"/>
                        <line branch="false" hits="1" number="355"/>
                        <line branch="false" hits="1" number="356"/>
                        <line branch="false" hits="1" number="357"/>
                        <line branch="false" hits="1" number="360"/>
                        <line branch="false" hits="1" number="361"/>
                        <line branch="false" hits="1" number="362"/>
                        <line branch="false" hits="1" number="363"/>
                        <line branch="false" hits="1" number="365"/>
                        <line branch="false" hits="1" number="366"/>
                        <line branch="false" hits="1" number="369"/>
                        <line branch="false" hits="2" number="372"/>
                        <line branch="false" hits="2" number="373"/>
                        <line branch="false" hits="2" number="374"/>
                        <line branch="false" hits="1" number="376"/>
                        <line branch="false" hits="1" number="377"/>
                        <line branch="false" hits="1" number="379"/>
                        <line branch="false" hits="1" number="380"/>
                        <line branch="false" hits="1" number="383"/>
                        <line branch="false" hits="1" number="384"/>
                    </lines>
                </class>
                <class branch-rate="0" complexity="0" filename="crates/trogon-std/src/fs/system.rs" line-rate="0.5862068965517241" name="crates.trogon-std.src.fs.system.rs">
                    <methods>
                        <method name="trogon_std::fs::system::tests::test_generic_function_with_system_fs::read_config::&lt;trogon_std::fs::system::SystemFs&gt;" signature="" complexity="0" line-rate="1" branch-rate="1">
                            <lines>
                                <line hits="1" number="62" branch="false"/>
                            </lines>
                        </method>
                        <method name="trogon_std::fs::system::tests::test_generic_function_with_system_fs::read_config::&lt;trogon_std::fs::system::SystemFs&gt;::{closure#0}" signature="" complexity="0" line-rate="1" branch-rate="1">
                            <lines>
                                <line hits="1" number="63" branch="false"/>
                            </lines>
                        </method>
                        <method name="trogon_std::fs::system::tests::test_system_fs_nonexistent_file" signature="" complexity="0" line-rate="1" branch-rate="1">
                            <lines>
                                <line hits="1" number="55" branch="false"/>
                            </lines>
                        </method>
                        <method name="trogon_std::fs::system::tests::test_generic_function_with_system_fs" signature="" complexity="0" line-rate="1" branch-rate="1">
                            <lines>
                                <line hits="1" number="61" branch="false"/>
                            </lines>
                        </method>
                        <method name="&lt;trogon_std::fs::system::SystemFs as trogon_std::fs::read_file::ReadFile&gt;::read_to_string" signature="" complexity="0" line-rate="1" branch-rate="1">
                            <lines>
                                <line hits="1" number="10" branch="false"/>
                            </lines>
                        </method>
                        <method name="&lt;trogon_std::fs::system::SystemFs as trogon_std::fs::read_file::ReadFile&gt;::read_to_string" signature="" complexity="0" line-rate="0" branch-rate="0">
                            <lines>
                                <line hits="0" number="10" branch="false"/>
                            </lines>
                        </method>
                        <method name="&lt;trogon_std::fs::system::SystemFs as trogon_std::fs::exists_file::ExistsFile&gt;::exists" signature="" complexity="0" line-rate="1" branch-rate="1">
                            <lines>
                                <line hits="1" number="24" branch="false"/>
                            </lines>
                        </method>
                        <method name="&lt;trogon_std::fs::system::SystemFs as trogon_std::fs::exists_file::ExistsFile&gt;::exists" signature="" complexity="0" line-rate="0" branch-rate="0">
                            <lines>
                                <line hits="0" number="24" branch="false"/>
                            </lines>
                        </method>
                        <method name="&lt;trogon_std::fs::system::SystemFs as trogon_std::fs::create_dir_all::CreateDirAll&gt;::create_dir_all" signature="" complexity="0" line-rate="0" branch-rate="0">
                            <lines>
                                <line hits="0" number="31" branch="false"/>
                            </lines>
                        </method>
                        <method name="&lt;trogon_std::fs::system::SystemFs as trogon_std::fs::create_dir_all::CreateDirAll&gt;::create_dir_all" signature="" complexity="0" line-rate="0" branch-rate="0">
                            <lines>
                                <line hits="0" number="31" branch="false"/>
                            </lines>
                        </method>
                        <method name="&lt;trogon_std::fs::system::SystemFs as trogon_std::fs::open_append_file::OpenAppendFile&gt;::open_append" signature="" complexity="0" line-rate="0" branch-rate="0">
                            <lines>
                                <line hits="0" number="40" branch="false"/>
                            </lines>
                        </method>
                        <method name="&lt;trogon_std::fs::system::SystemFs as trogon_std::fs::open_append_file::OpenAppendFile&gt;::open_append" signature="" complexity="0" line-rate="0" branch-rate="0">
                            <lines>
                                <line hits="0" number="40" branch="false"/>
                            </lines>
                        </method>
                        <method name="&lt;trogon_std::fs::system::SystemFs as trogon_std::fs::write_file::WriteFile&gt;::write" signature="" complexity="0" line-rate="0" branch-rate="0">
                            <lines>
                                <line hits="0" number="17" branch="false"/>
                            </lines>
                        </method>
                        <method name="&lt;trogon_std::fs::system::SystemFs as trogon_std::fs::write_file::WriteFile&gt;::write" signature="" complexity="0" line-rate="0" branch-rate="0">
                            <lines>
                                <line hits="0" number="17" branch="false"/>
                            </lines>
                        </method>
                    </methods>
                    <lines>
                        <line branch="false" hits="1" number="10"/>
                        <line branch="false" hits="1" number="11"/>
                        <line branch="false" hits="1" number="12"/>
                        <line branch="false" hits="0" number="17"/>
                        <line branch="false" hits="0" number="18"/>
                        <line branch="false" hits="0" number="19"/>
                        <line branch="false" hits="1" number="24"/>
                        <line branch="false" hits="1" number="25"/>
                        <line branch="false" hits="1" number="26"/>
                        <line branch="false" hits="0" number="31"/>
                        <line branch="false" hits="0" number="32"/>
                        <line branch="false" hits="0" number="33"/>
                        <line branch="false" hits="0" number="40"/>
                        <line branch="false" hits="0" number="41"/>
                        <line branch="false" hits="0" number="42"/>
                        <line branch="false" hits="0" number="43"/>
                        <line branch="false" hits="0" number="44"/>
                        <line branch="false" hits="0" number="45"/>
                        <line branch="false" hits="1" number="55"/>
                        <line branch="false" hits="1" number="56"/>
                        <line branch="false" hits="1" number="57"/>
                        <line branch="false" hits="1" number="58"/>
                        <line branch="false" hits="1" number="61"/>
                        <line branch="false" hits="1" number="62"/>
                        <line branch="false" hits="1" number="63"/>
                        <line branch="false" hits="1" number="64"/>
                        <line branch="false" hits="1" number="66"/>
                        <line branch="false" hits="1" number="67"/>
                        <line branch="false" hits="1" number="68"/>
                    </lines>
                </class>
            </classes>
        </package>
        <package line-rate="1" branch-rate="0" name="crates.acp-nats.src.nats" complexity="0">
            <classes>
                <class branch-rate="0" complexity="0" filename="crates/acp-nats/src/nats/extensions.rs" line-rate="1" name="crates.acp-nats.src.nats.extensions.rs">
                    <methods>
                        <method name="&lt;acp_nats::nats::extensions::ExtSessionReady&gt;::new" signature="" complexity="0" line-rate="1" branch-rate="1">
                            <lines>
                                <line hits="6" number="15" branch="false"/>
                            </lines>
                        </method>
                    </methods>
                    <lines>
                        <line branch="false" hits="6" number="15"/>
                        <line branch="false" hits="6" number="16"/>
                        <line branch="false" hits="6" number="17"/>
                    </lines>
                </class>
                <class branch-rate="0" complexity="0" filename="crates/acp-nats/src/nats/token.rs" line-rate="1" name="crates.acp-nats.src.nats.token.rs">
                    <methods>
                        <method name="acp_nats::nats::token::has_wildcards_or_whitespace::{closure#0}" signature="" complexity="0" line-rate="1" branch-rate="1">
                            <lines>
                                <line hits="908" number="9" branch="false"/>
                            </lines>
                        </method>
                        <method name="acp_nats::nats::token::has_wildcards_or_whitespace" signature="" complexity="0" line-rate="1" branch-rate="1">
                            <lines>
                                <line hits="111" number="6" branch="false"/>
                            </lines>
                        </method>
                        <method name="acp_nats::nats::token::has_consecutive_or_boundary_dots" signature="" complexity="0" line-rate="1" branch-rate="1">
                            <lines>
                                <line hits="98" number="13" branch="false"/>
                            </lines>
                        </method>
                    </methods>
                    <lines>
                        <line branch="false" hits="111" number="6"/>
                        <line branch="false" hits="111" number="7"/>
                        <line branch="false" hits="111" number="8"/>
                        <line branch="false" hits="908" number="9"/>
                        <line branch="false" hits="111" number="10"/>
                        <line branch="false" hits="98" number="13"/>
                        <line branch="false" hits="98" number="14"/>
                        <line branch="false" hits="98" number="15"/>
                    </lines>
                </class>
                <class branch-rate="0" complexity="0" filename="crates/acp-nats/src/nats/subjects.rs" line-rate="1" name="crates.acp-nats.src.nats.subjects.rs">
                    <methods>
                        <method name="acp_nats::nats::subjects::agent::initialize" signature="" complexity="0" line-rate="1" branch-rate="1">
                            <lines>
                                <line hits="8" number="2" branch="false"/>
                            </lines>
                        </method>
                        <method name="acp_nats::nats::subjects::agent::session_new" signature="" complexity="0" line-rate="1" branch-rate="1">
                            <lines>
                                <line hits="8" number="10" branch="false"/>
                            </lines>
                        </method>
                        <method name="acp_nats::nats::subjects::agent::authenticate" signature="" complexity="0" line-rate="1" branch-rate="1">
                            <lines>
                                <line hits="6" number="6" branch="false"/>
                            </lines>
                        </method>
                        <method name="acp_nats::nats::subjects::agent::session_load" signature="" complexity="0" line-rate="1" branch-rate="1">
                            <lines>
                                <line hits="10" number="14" branch="false"/>
                            </lines>
                        </method>
                        <method name="acp_nats::nats::subjects::agent::session_cancel" signature="" complexity="0" line-rate="1" branch-rate="1">
                            <lines>
                                <line hits="8" number="22" branch="false"/>
                            </lines>
                        </method>
                        <method name="acp_nats::nats::subjects::agent::session_prompt" signature="" complexity="0" line-rate="1" branch-rate="1">
                            <lines>
                                <line hits="5" number="18" branch="false"/>
                            </lines>
                        </method>
                        <method name="acp_nats::nats::subjects::agent::session_set_mode" signature="" complexity="0" line-rate="1" branch-rate="1">
                            <lines>
                                <line hits="7" number="26" branch="false"/>
                            </lines>
                        </method>
                        <method name="acp_nats::nats::subjects::agent::ext_session_ready" signature="" complexity="0" line-rate="1" branch-rate="1">
                            <lines>
                                <line hits="9" number="36" branch="false"/>
                            </lines>
                        </method>
                        <method name="acp_nats::nats::subjects::agent::ext" signature="" complexity="0" line-rate="1" branch-rate="1">
                            <lines>
                                <line hits="10" number="32" branch="false"/>
                            </lines>
                        </method>
                        <method name="acp_nats::nats::subjects::tests::ext_subject" signature="" complexity="0" line-rate="1" branch-rate="1">
                            <lines>
                                <line hits="1" number="93" branch="false"/>
                            </lines>
                        </method>
                        <method name="acp_nats::nats::subjects::tests::initialize_subject" signature="" complexity="0" line-rate="1" branch-rate="1">
                            <lines>
                                <line hits="1" number="46" branch="false"/>
                            </lines>
                        </method>
                        <method name="acp_nats::nats::subjects::tests::session_new_subject" signature="" complexity="0" line-rate="1" branch-rate="1">
                            <lines>
                                <line hits="1" number="56" branch="false"/>
                            </lines>
                        </method>
                        <method name="acp_nats::nats::subjects::tests::authenticate_subject" signature="" complexity="0" line-rate="1" branch-rate="1">
                            <lines>
                                <line hits="1" number="51" branch="false"/>
                            </lines>
                        </method>
                        <method name="acp_nats::nats::subjects::tests::session_load_subject" signature="" complexity="0" line-rate="1" branch-rate="1">
                            <lines>
                                <line hits="1" number="61" branch="false"/>
                            </lines>
                        </method>
                        <method name="acp_nats::nats::subjects::tests::session_cancel_subject" signature="" complexity="0" line-rate="1" branch-rate="1">
                            <lines>
                                <line hits="1" number="77" branch="false"/>
                            </lines>
                        </method>
                        <method name="acp_nats::nats::subjects::tests::session_prompt_subject" signature="" complexity="0" line-rate="1" branch-rate="1">
                            <lines>
                                <line hits="1" number="69" branch="false"/>
                            </lines>
                        </method>
                        <method name="acp_nats::nats::subjects::tests::session_set_mode_subject" signature="" complexity="0" line-rate="1" branch-rate="1">
                            <lines>
                                <line hits="1" number="85" branch="false"/>
                            </lines>
                        </method>
                        <method name="acp_nats::nats::subjects::tests::ext_session_ready_subject" signature="" complexity="0" line-rate="1" branch-rate="1">
                            <lines>
                                <line hits="1" number="98" branch="false"/>
                            </lines>
                        </method>
                        <method name="acp_nats::nats::subjects::tests::custom_prefix_places_prefix_at_root" signature="" complexity="0" line-rate="1" branch-rate="1">
                            <lines>
                                <line hits="1" number="106" branch="false"/>
                            </lines>
                        </method>
                        <method name="acp_nats::nats::subjects::tests::session_scoped_subjects_share_token_layout" signature="" complexity="0" line-rate="1" branch-rate="1">
                            <lines>
                                <line hits="1" number="119" branch="false"/>
                            </lines>
                        </method>
                    </methods>
                    <lines>
                        <line branch="false" hits="8" number="2"/>
                        <line branch="false" hits="8" number="3"/>
                        <line branch="false" hits="8" number="4"/>
                        <line branch="false" hits="6" number="6"/>
                        <line branch="false" hits="6" number="7"/>
                        <line branch="false" hits="6" number="8"/>
                        <line branch="false" hits="8" number="10"/>
                        <line branch="false" hits="8" number="11"/>
                        <line branch="false" hits="8" number="12"/>
                        <line branch="false" hits="10" number="14"/>
                        <line branch="false" hits="10" number="15"/>
                        <line branch="false" hits="10" number="16"/>
                        <line branch="false" hits="5" number="18"/>
                        <line branch="false" hits="5" number="19"/>
                        <line branch="false" hits="5" number="20"/>
                        <line branch="false" hits="8" number="22"/>
                        <line branch="false" hits="8" number="23"/>
                        <line branch="false" hits="8" number="24"/>
                        <line branch="false" hits="7" number="26"/>
                        <line branch="false" hits="7" number="27"/>
                        <line branch="false" hits="7" number="28"/>
                        <line branch="false" hits="10" number="32"/>
                        <line branch="false" hits="10" number="33"/>
                        <line branch="false" hits="10" number="34"/>
                        <line branch="false" hits="9" number="36"/>
                        <line branch="false" hits="9" number="37"/>
                        <line branch="false" hits="9" number="38"/>
                        <line branch="false" hits="1" number="46"/>
                        <line branch="false" hits="1" number="47"/>
                        <line branch="false" hits="1" number="48"/>
                        <line branch="false" hits="1" number="51"/>
                        <line branch="false" hits="1" number="52"/>
                        <line branch="false" hits="1" number="53"/>
                        <line branch="false" hits="1" number="56"/>
                        <line branch="false" hits="1" number="57"/>
                        <line branch="false" hits="1" number="58"/>
                        <line branch="false" hits="1" number="61"/>
                        <line branch="false" hits="1" number="62"/>
                        <line branch="false" hits="1" number="63"/>
                        <line branch="false" hits="1" number="66"/>
                        <line branch="false" hits="1" number="69"/>
                        <line branch="false" hits="1" number="70"/>
                        <line branch="false" hits="1" number="71"/>
                        <line branch="false" hits="1" number="74"/>
                        <line branch="false" hits="1" number="77"/>
                        <line branch="false" hits="1" number="78"/>
                        <line branch="false" hits="1" number="79"/>
                        <line branch="false" hits="1" number="82"/>
                        <line branch="false" hits="1" number="85"/>
                        <line branch="false" hits="1" number="86"/>
                        <line branch="false" hits="1" number="87"/>
                        <line branch="false" hits="1" number="90"/>
                        <line branch="false" hits="1" number="93"/>
                        <line branch="false" hits="1" number="94"/>
                        <line branch="false" hits="1" number="95"/>
                        <line branch="false" hits="1" number="98"/>
                        <line branch="false" hits="1" number="99"/>
                        <line branch="false" hits="1" number="100"/>
                        <line branch="false" hits="1" number="103"/>
                        <line branch="false" hits="1" number="106"/>
                        <line branch="false" hits="1" number="107"/>
                        <line branch="false" hits="1" number="108"/>
                        <line branch="false" hits="1" number="109"/>
                        <line branch="false" hits="1" number="112"/>
                        <line branch="false" hits="1" number="113"/>
                        <line branch="false" hits="1" number="116"/>
                        <line branch="false" hits="1" number="119"/>
                        <line branch="false" hits="1" number="120"/>
                        <line branch="false" hits="1" number="121"/>
                        <line branch="false" hits="1" number="122"/>
                        <line branch="false" hits="1" number="124"/>
                        <line branch="false" hits="1" number="125"/>
                        <line branch="false" hits="1" number="126"/>
                        <line branch="false" hits="1" number="127"/>
                        <line branch="false" hits="1" number="128"/>
                        <line branch="false" hits="1" number="129"/>
                    </lines>
                </class>
            </classes>
        </package>
        <package line-rate="0.967741935483871" branch-rate="0" name="crates.trogon-std.src.env" complexity="0">
            <classes>
                <class branch-rate="0" complexity="0" filename="crates/trogon-std/src/env/in_memory.rs" line-rate="0.9605263157894737" name="crates.trogon-std.src.env.in_memory.rs">
                    <methods>
                        <method name="&lt;trogon_std::env::in_memory::InMemoryEnv&gt;::set::&lt;&amp;str, &amp;str&gt;" signature="" complexity="0" line-rate="1" branch-rate="1">
                            <lines>
                                <line hits="8" number="29" branch="false"/>
                            </lines>
                        </method>
                        <method name="&lt;trogon_std::env::in_memory::InMemoryEnv&gt;::set::&lt;&amp;str, &amp;str&gt;" signature="" complexity="0" line-rate="1" branch-rate="1">
                            <lines>
                                <line hits="13" number="29" branch="false"/>
                            </lines>
                        </method>
                        <method name="&lt;trogon_std::env::in_memory::InMemoryEnv&gt;::set::&lt;_, _&gt;" signature="" complexity="0" line-rate="0" branch-rate="0">
                            <lines>
                                <line hits="0" number="29" branch="false"/>
                            </lines>
                        </method>
                        <method name="trogon_std::env::in_memory::tests::test_generic_function_with_in_memory_env::get_value_or_default::&lt;trogon_std::env::in_memory::InMemoryEnv&gt;" signature="" complexity="0" line-rate="1" branch-rate="1">
                            <lines>
                                <line hits="2" number="132" branch="false"/>
                            </lines>
                        </method>
                        <method name="trogon_std::env::in_memory::tests::test_generic_function_with_in_memory_env::get_value_or_default::&lt;trogon_std::env::in_memory::InMemoryEnv&gt;::{closure#0}" signature="" complexity="0" line-rate="1" branch-rate="1">
                            <lines>
                                <line hits="1" number="133" branch="false"/>
                            </lines>
                        </method>
                        <method name="&lt;trogon_std::env::in_memory::InMemoryEnv&gt;::new" signature="" complexity="0" line-rate="1" branch-rate="1">
                            <lines>
                                <line hits="7" number="23" branch="false"/>
                            </lines>
                        </method>
                        <method name="&lt;trogon_std::env::in_memory::InMemoryEnv&gt;::clear" signature="" complexity="0" line-rate="1" branch-rate="1">
                            <lines>
                                <line hits="1" number="41" branch="false"/>
                            </lines>
                        </method>
                        <method name="&lt;trogon_std::env::in_memory::InMemoryEnv&gt;::remove" signature="" complexity="0" line-rate="1" branch-rate="1">
                            <lines>
                                <line hits="1" number="33" branch="false"/>
                            </lines>
                        </method>
                        <method name="&lt;trogon_std::env::in_memory::InMemoryEnv&gt;::contains" signature="" complexity="0" line-rate="1" branch-rate="1">
                            <lines>
                                <line hits="4" number="37" branch="false"/>
                            </lines>
                        </method>
                        <method name="&lt;trogon_std::env::in_memory::InMemoryEnv&gt;::new" signature="" complexity="0" line-rate="1" branch-rate="1">
                            <lines>
                                <line hits="7" number="23" branch="false"/>
                            </lines>
                        </method>
                        <method name="&lt;trogon_std::env::in_memory::InMemoryEnv&gt;::clear" signature="" complexity="0" line-rate="0" branch-rate="0">
                            <lines>
                                <line hits="0" number="41" branch="false"/>
                            </lines>
                        </method>
                        <method name="&lt;trogon_std::env::in_memory::InMemoryEnv&gt;::remove" signature="" complexity="0" line-rate="0" branch-rate="0">
                            <lines>
                                <line hits="0" number="33" branch="false"/>
                            </lines>
                        </method>
                        <method name="&lt;trogon_std::env::in_memory::InMemoryEnv&gt;::contains" signature="" complexity="0" line-rate="0" branch-rate="0">
                            <lines>
                                <line hits="0" number="37" branch="false"/>
                            </lines>
                        </method>
                        <method name="trogon_std::env::in_memory::tests::test_in_memory_env_clear" signature="" complexity="0" line-rate="1" branch-rate="1">
                            <lines>
                                <line hits="1" number="108" branch="false"/>
                            </lines>
                        </method>
                        <method name="trogon_std::env::in_memory::tests::test_in_memory_env_remove" signature="" complexity="0" line-rate="1" branch-rate="1">
                            <lines>
                                <line hits="1" number="87" branch="false"/>
                            </lines>
                        </method>
                        <method name="trogon_std::env::in_memory::tests::test_in_memory_env_contains" signature="" complexity="0" line-rate="1" branch-rate="1">
                            <lines>
                                <line hits="1" number="99" branch="false"/>
                            </lines>
                        </method>
                        <method name="trogon_std::env::in_memory::tests::test_in_memory_env_overwrite" signature="" complexity="0" line-rate="1" branch-rate="1">
                            <lines>
                                <line hits="1" number="119" branch="false"/>
                            </lines>
                        </method>
                        <method name="trogon_std::env::in_memory::tests::test_in_memory_env_not_present" signature="" complexity="0" line-rate="1" branch-rate="1">
                            <lines>
                                <line hits="1" number="77" branch="false"/>
                            </lines>
                        </method>
                        <method name="trogon_std::env::in_memory::tests::test_in_memory_env_set_and_get" signature="" complexity="0" line-rate="1" branch-rate="1">
                            <lines>
                                <line hits="1" number="69" branch="false"/>
                            </lines>
                        </method>
                        <method name="trogon_std::env::in_memory::tests::test_generic_function_with_in_memory_env" signature="" complexity="0" line-rate="1" branch-rate="1">
                            <lines>
                                <line hits="1" number="129" branch="false"/>
                            </lines>
                        </method>
                        <method name="&lt;trogon_std::env::in_memory::InMemoryEnv as trogon_std::env::read_env::ReadEnv&gt;::var" signature="" complexity="0" line-rate="1" branch-rate="1">
                            <lines>
                                <line hits="7" number="55" branch="false"/>
                            </lines>
                        </method>
                        <method name="&lt;trogon_std::env::in_memory::InMemoryEnv as trogon_std::env::read_env::ReadEnv&gt;::var" signature="" complexity="0" line-rate="1" branch-rate="1">
                            <lines>
                                <line hits="34" number="55" branch="false"/>
                            </lines>
                        </method>
                        <method name="&lt;trogon_std::env::in_memory::InMemoryEnv as core::default::Default&gt;::default" signature="" complexity="0" line-rate="0" branch-rate="0">
                            <lines>
                                <line hits="0" number="48" branch="false"/>
                            </lines>
                        </method>
                        <method name="&lt;trogon_std::env::in_memory::InMemoryEnv as core::default::Default&gt;::default" signature="" complexity="0" line-rate="0" branch-rate="0">
                            <lines>
                                <line hits="0" number="48" branch="false"/>
                            </lines>
                        </method>
                    </methods>
                    <lines>
                        <line branch="false" hits="14" number="23"/>
                        <line branch="false" hits="14" number="24"/>
                        <line branch="false" hits="14" number="25"/>
                        <line branch="false" hits="14" number="26"/>
                        <line branch="false" hits="14" number="27"/>
                        <line branch="false" hits="21" number="29"/>
                        <line branch="false" hits="21" number="30"/>
                        <line branch="false" hits="21" number="31"/>
                        <line branch="false" hits="1" number="33"/>
                        <line branch="false" hits="1" number="34"/>
                        <line branch="false" hits="1" number="35"/>
                        <line branch="false" hits="4" number="37"/>
                        <line branch="false" hits="4" number="38"/>
                        <line branch="false" hits="4" number="39"/>
                        <line branch="false" hits="1" number="41"/>
                        <line branch="false" hits="1" number="42"/>
                        <line branch="false" hits="1" number="43"/>
                        <line branch="false" hits="0" number="48"/>
                        <line branch="false" hits="0" number="49"/>
                        <line branch="false" hits="0" number="50"/>
                        <line branch="false" hits="41" number="55"/>
                        <line branch="false" hits="41" number="56"/>
                        <line branch="false" hits="41" number="57"/>
                        <line branch="false" hits="41" number="58"/>
                        <line branch="false" hits="41" number="59"/>
                        <line branch="false" hits="41" number="60"/>
                        <line branch="false" hits="41" number="61"/>
                        <line branch="false" hits="1" number="69"/>
                        <line branch="false" hits="1" number="70"/>
                        <line branch="false" hits="1" number="71"/>
                        <line branch="false" hits="1" number="73"/>
                        <line branch="false" hits="1" number="74"/>
                        <line branch="false" hits="1" number="77"/>
                        <line branch="false" hits="1" number="78"/>
                        <line branch="false" hits="1" number="80"/>
                        <line branch="false" hits="1" number="81"/>
                        <line branch="false" hits="1" number="84"/>
                        <line branch="false" hits="1" number="87"/>
                        <line branch="false" hits="1" number="88"/>
                        <line branch="false" hits="1" number="89"/>
                        <line branch="false" hits="1" number="90"/>
                        <line branch="false" hits="1" number="92"/>
                        <line branch="false" hits="1" number="93"/>
                        <line branch="false" hits="1" number="96"/>
                        <line branch="false" hits="1" number="99"/>
                        <line branch="false" hits="1" number="100"/>
                        <line branch="false" hits="1" number="101"/>
                        <line branch="false" hits="1" number="103"/>
                        <line branch="false" hits="1" number="104"/>
                        <line branch="false" hits="1" number="105"/>
                        <line branch="false" hits="1" number="108"/>
                        <line branch="false" hits="1" number="109"/>
                        <line branch="false" hits="1" number="110"/>
                        <line branch="false" hits="1" number="111"/>
                        <line branch="false" hits="1" number="112"/>
                        <line branch="false" hits="1" number="114"/>
                        <line branch="false" hits="1" number="115"/>
                        <line branch="false" hits="1" number="116"/>
                        <line branch="false" hits="1" number="119"/>
                        <line branch="false" hits="1" number="120"/>
                        <line branch="false" hits="1" number="121"/>
                        <line branch="false" hits="1" number="122"/>
                        <line branch="false" hits="1" number="124"/>
                        <line branch="false" hits="1" number="125"/>
                        <line branch="false" hits="1" number="126"/>
                        <line branch="false" hits="1" number="129"/>
                        <line branch="false" hits="2" number="132"/>
                        <line branch="false" hits="2" number="133"/>
                        <line branch="false" hits="2" number="134"/>
                        <line branch="false" hits="1" number="136"/>
                        <line branch="false" hits="1" number="137"/>
                        <line branch="false" hits="1" number="138"/>
                        <line branch="false" hits="1" number="139"/>
                        <line branch="false" hits="1" number="142"/>
                        <line branch="false" hits="1" number="143"/>
                        <line branch="false" hits="1" number="146"/>
                    </lines>
                </class>
                <class branch-rate="0" complexity="0" filename="crates/trogon-std/src/env/system.rs" line-rate="1" name="crates.trogon-std.src.env.system.rs">
                    <methods>
                        <method name="trogon_std::env::system::tests::test_generic_function_with_system_env::get_value_or_default::&lt;trogon_std::env::system::SystemEnv&gt;" signature="" complexity="0" line-rate="1" branch-rate="1">
                            <lines>
                                <line hits="1" number="29" branch="false"/>
                            </lines>
                        </method>
                        <method name="trogon_std::env::system::tests::test_generic_function_with_system_env::get_value_or_default::&lt;trogon_std::env::system::SystemEnv&gt;::{closure#0}" signature="" complexity="0" line-rate="1" branch-rate="1">
                            <lines>
                                <line hits="1" number="30" branch="false"/>
                            </lines>
                        </method>
                        <method name="trogon_std::env::system::tests::test_system_env_delegation" signature="" complexity="0" line-rate="1" branch-rate="1">
                            <lines>
                                <line hits="1" number="20" branch="false"/>
                            </lines>
                        </method>
                        <method name="trogon_std::env::system::tests::test_generic_function_with_system_env" signature="" complexity="0" line-rate="1" branch-rate="1">
                            <lines>
                                <line hits="1" number="28" branch="false"/>
                            </lines>
                        </method>
                        <method name="&lt;trogon_std::env::system::SystemEnv as trogon_std::env::read_env::ReadEnv&gt;::var" signature="" complexity="0" line-rate="1" branch-rate="1">
                            <lines>
                                <line hits="2" number="10" branch="false"/>
                            </lines>
                        </method>
                        <method name="&lt;trogon_std::env::system::SystemEnv as trogon_std::env::read_env::ReadEnv&gt;::var" signature="" complexity="0" line-rate="0" branch-rate="0">
                            <lines>
                                <line hits="0" number="10" branch="false"/>
                            </lines>
                        </method>
                    </methods>
                    <lines>
                        <line branch="false" hits="2" number="10"/>
                        <line branch="false" hits="2" number="11"/>
                        <line branch="false" hits="2" number="12"/>
                        <line branch="false" hits="1" number="20"/>
                        <line branch="false" hits="1" number="21"/>
                        <line branch="false" hits="1" number="22"/>
                        <line branch="false" hits="1" number="23"/>
                        <line branch="false" hits="1" number="24"/>
                        <line branch="false" hits="1" number="25"/>
                        <line branch="false" hits="1" number="28"/>
                        <line branch="false" hits="1" number="29"/>
                        <line branch="false" hits="1" number="30"/>
                        <line branch="false" hits="1" number="31"/>
                        <line branch="false" hits="1" number="33"/>
                        <line branch="false" hits="1" number="34"/>
                        <line branch="false" hits="1" number="35"/>
                        <line branch="false" hits="1" number="36"/>
                    </lines>
                </class>
            </classes>
        </package>
        <package line-rate="0.9438877755511023" branch-rate="0" name="crates.trogon-nats.src" complexity="0">
            <classes>
                <class branch-rate="0" complexity="0" filename="crates/trogon-nats/src/connect.rs" line-rate="0.8333333333333334" name="crates.trogon-nats.src.connect.rs">
                    <methods>
                        <method name="trogon_nats::connect::apply_reconnect_options::{closure#0}::{closure#0}" signature="" complexity="0" line-rate="0" branch-rate="0">
                            <lines>
                                <line hits="0" number="73" branch="false"/>
                            </lines>
                        </method>
                        <method name="trogon_nats::connect::apply_reconnect_options::{closure#0}::{closure#0}" signature="" complexity="0" line-rate="0" branch-rate="0">
                            <lines>
                                <line hits="0" number="73" branch="false"/>
                            </lines>
                        </method>
                        <method name="trogon_nats::connect::handle_event::{closure#0}" signature="" complexity="0" line-rate="1" branch-rate="1">
                            <lines>
                                <line hits="10" number="56" branch="false"/>
                            </lines>
                        </method>
                        <method name="trogon_nats::connect::apply_reconnect_options::{closure#0}" signature="" complexity="0" line-rate="0" branch-rate="0">
                            <lines>
                                <line hits="0" number="73" branch="false"/>
                            </lines>
                        </method>
                        <method name="trogon_nats::connect::connect::{closure#0}" signature="" complexity="0" line-rate="0" branch-rate="0">
                            <lines>
                                <line hits="0" number="80" branch="false"/>
                            </lines>
                        </method>
                        <method name="trogon_nats::connect::handle_event::{closure#0}" signature="" complexity="0" line-rate="0" branch-rate="0">
                            <lines>
                                <line hits="0" number="56" branch="false"/>
                            </lines>
                        </method>
                        <method name="trogon_nats::connect::apply_reconnect_options::{closure#0}" signature="" complexity="0" line-rate="0" branch-rate="0">
                            <lines>
                                <line hits="0" number="73" branch="false"/>
                            </lines>
                        </method>
                        <method name="trogon_nats::connect::connect::{closure#0}" signature="" complexity="0" line-rate="0" branch-rate="0">
                            <lines>
                                <line hits="0" number="80" branch="false"/>
                            </lines>
                        </method>
                        <method name="trogon_nats::connect::tests::test_handle_event_connected::{closure#0}" signature="" complexity="0" line-rate="1" branch-rate="1">
                            <lines>
                                <line hits="1" number="185" branch="false"/>
                            </lines>
                        </method>
                        <method name="trogon_nats::connect::tests::test_handle_event_all_variants::{closure#0}" signature="" complexity="0" line-rate="1" branch-rate="1">
                            <lines>
                                <line hits="1" number="195" branch="false"/>
                            </lines>
                        </method>
                        <method name="trogon_nats::connect::tests::test_handle_event_disconnected::{closure#0}" signature="" complexity="0" line-rate="1" branch-rate="1">
                            <lines>
                                <line hits="1" number="190" branch="false"/>
                            </lines>
                        </method>
[...]
                        <line branch="false" hits="1" number="143"/>
                        <line branch="false" hits="1" number="144"/>
                        <line branch="false" hits="1" number="145"/>
                        <line branch="false" hits="1" number="148"/>
                        <line branch="false" hits="1" number="149"/>
                        <line branch="false" hits="1" number="155"/>
                        <line branch="false" hits="1" number="156"/>
                        <line branch="false" hits="1" number="162"/>
                    </lines>
                </class>
                <class branch-rate="0" complexity="0" filename="crates/acp-nats/src/acp_prefix.rs" line-rate="1" name="crates.acp-nats.src.acp_prefix.rs">
                    <methods>
                        <method name="&lt;acp_nats::acp_prefix::AcpPrefix&gt;::new::&lt;alloc::string::String&gt;" signature="" complexity="0" line-rate="1" branch-rate="1">
                            <lines>
                                <line hits="3" number="42" branch="false"/>
                            </lines>
                        </method>
                        <method name="&lt;acp_nats::acp_prefix::AcpPrefix&gt;::new::&lt;&amp;str&gt;" signature="" complexity="0" line-rate="1" branch-rate="1">
                            <lines>
                                <line hits="81" number="42" branch="false"/>
                            </lines>
                        </method>
                        <method name="&lt;acp_nats::acp_prefix::AcpPrefix&gt;::as_str" signature="" complexity="0" line-rate="1" branch-rate="1">
                            <lines>
                                <line hits="57" number="59" branch="false"/>
                            </lines>
                        </method>
                        <method name="acp_nats::acp_prefix::tests::acp_prefix_new_valid" signature="" complexity="0" line-rate="1" branch-rate="1">
                            <lines>
                                <line hits="1" number="69" branch="false"/>
                            </lines>
                        </method>
                        <method name="acp_nats::acp_prefix::tests::acp_prefix_error_display" signature="" complexity="0" line-rate="1" branch-rate="1">
                            <lines>
                                <line hits="1" number="109" branch="false"/>
                            </lines>
                        </method>
                        <method name="acp_nats::acp_prefix::tests::acp_prefix_new_validates_direct" signature="" complexity="0" line-rate="1" branch-rate="1">
                            <lines>
                                <line hits="1" number="93" branch="false"/>
                            </lines>
                        </method>
                        <method name="acp_nats::acp_prefix::tests::acp_prefix_new_invalid_returns_err" signature="" complexity="0" line-rate="1" branch-rate="1">
                            <lines>
                                <line hits="1" number="79" branch="false"/>
                            </lines>
                        </method>
                        <method name="&lt;acp_nats::acp_prefix::AcpPrefixError as core::fmt::Display&gt;::fmt" signature="" complexity="0" line-rate="1" branch-rate="1">
                            <lines>
                                <line hits="3" number="22" branch="false"/>
                            </lines>
                        </method>
                    </methods>
                    <lines>
                        <line branch="false" hits="3" number="22"/>
                        <line branch="false" hits="3" number="23"/>
                        <line branch="false" hits="1" number="24"/>
                        <line branch="false" hits="1" number="25"/>
                        <line branch="false" hits="1" number="26"/>
                        <line branch="false" hits="1" number="28"/>
                        <line branch="false" hits="1" number="29"/>
                        <line branch="false" hits="3" number="32"/>
                        <line branch="false" hits="84" number="42"/>
                        <line branch="false" hits="84" number="43"/>
                        <line branch="false" hits="84" number="44"/>
                        <line branch="false" hits="2" number="45"/>
                        <line branch="false" hits="82" number="46"/>
                        <line branch="false" hits="82" number="47"/>
                        <line branch="false" hits="5" number="48"/>
                        <line branch="false" hits="77" number="49"/>
                        <line branch="false" hits="77" number="50"/>
                        <line branch="false" hits="3" number="51"/>
                        <line branch="false" hits="74" number="52"/>
                        <line branch="false" hits="74" number="53"/>
                        <line branch="false" hits="2" number="54"/>
                        <line branch="false" hits="72" number="55"/>
                        <line branch="false" hits="72" number="56"/>
                        <line branch="false" hits="84" number="57"/>
                        <line branch="false" hits="57" number="59"/>
                        <line branch="false" hits="57" number="60"/>
                        <line branch="false" hits="57" number="61"/>
                        <line branch="false" hits="1" number="69"/>
                        <line branch="false" hits="1" number="70"/>
                        <line branch="false" hits="1" number="71"/>
                        <line branch="false" hits="1" number="72"/>
                        <line branch="false" hits="1" number="73"/>
                        <line branch="false" hits="1" number="76"/>
                        <line branch="false" hits="1" number="79"/>
                        <line branch="false" hits="1" number="80"/>
                        <line branch="false" hits="1" number="81"/>
                        <line branch="false" hits="1" number="82"/>
                        <line branch="false" hits="1" number="83"/>
                        <line branch="false" hits="1" number="84"/>
                        <line branch="false" hits="1" number="85"/>
                        <line branch="false" hits="1" number="86"/>
                        <line branch="false" hits="1" number="87"/>
                        <line branch="false" hits="1" number="88"/>
                        <line branch="false" hits="1" number="89"/>
                        <line branch="false" hits="1" number="90"/>
                        <line branch="false" hits="1" number="93"/>
                        <line branch="false" hits="1" number="94"/>
                        <line branch="false" hits="1" number="95"/>
                        <line branch="false" hits="1" number="96"/>
                        <line branch="false" hits="1" number="97"/>
                        <line branch="false" hits="1" number="98"/>
                        <line branch="false" hits="1" number="99"/>
                        <line branch="false" hits="1" number="102"/>
                        <line branch="false" hits="1" number="103"/>
                        <line branch="false" hits="1" number="106"/>
                        <line branch="false" hits="1" number="109"/>
                        <line branch="false" hits="1" number="110"/>
                        <line branch="false" hits="1" number="111"/>
                        <line branch="false" hits="1" number="114"/>
                        <line branch="false" hits="1" number="115"/>
                        <line branch="false" hits="1" number="121"/>
                        <line branch="false" hits="1" number="122"/>
                        <line branch="false" hits="1" number="125"/>
                    </lines>
                </class>
                <class branch-rate="0" complexity="0" filename="crates/acp-nats/src/session_id.rs" line-rate="1" name="crates.acp-nats.src.session_id.rs">
                    <methods>
                        <method name="&lt;acp_nats::session_id::AcpSessionId&gt;::new::&lt;&amp;alloc::string::String&gt;" signature="" complexity="0" line-rate="1" branch-rate="1">
                            <lines>
                                <line hits="1" number="43" branch="false"/>
                            </lines>
                        </method>
                        <method name="&lt;acp_nats::session_id::AcpSessionId&gt;::new::&lt;&amp;str&gt;" signature="" complexity="0" line-rate="1" branch-rate="1">
                            <lines>
                                <line hits="42" number="43" branch="false"/>
                            </lines>
                        </method>
                        <method name="&lt;acp_nats::session_id::AcpSessionId&gt;::as_str" signature="" complexity="0" line-rate="1" branch-rate="1">
                            <lines>
                                <line hits="19" number="64" branch="false"/>
                            </lines>
                        </method>
                        <method name="acp_nats::session_id::tests::acp_session_id_valid" signature="" complexity="0" line-rate="1" branch-rate="1">
                            <lines>
                                <line hits="1" number="130" branch="false"/>
                            </lines>
                        </method>
                        <method name="acp_nats::session_id::tests::session_id_error_display" signature="" complexity="0" line-rate="1" branch-rate="1">
                            <lines>
                                <line hits="1" number="165" branch="false"/>
                            </lines>
                        </method>
                        <method name="acp_nats::session_id::tests::acp_session_id_rejects_dots" signature="" complexity="0" line-rate="1" branch-rate="1">
                            <lines>
                                <line hits="1" number="105" branch="false"/>
                            </lines>
                        </method>
                        <method name="acp_nats::session_id::tests::acp_session_id_display_and_deref" signature="" complexity="0" line-rate="1" branch-rate="1">
                            <lines>
                                <line hits="1" number="157" branch="false"/>
                            </lines>
                        </method>
                        <method name="acp_nats::session_id::tests::acp_session_id_empty_returns_err" signature="" complexity="0" line-rate="1" branch-rate="1">
                            <lines>
                                <line hits="1" number="136" branch="false"/>
                            </lines>
                        </method>
                        <method name="acp_nats::session_id::tests::acp_session_id_rejects_non_ascii" signature="" complexity="0" line-rate="1" branch-rate="1">
                            <lines>
                                <line hits="1" number="121" branch="false"/>
                            </lines>
                        </method>
                        <method name="acp_nats::session_id::tests::acp_session_id_rejects_wildcards" signature="" complexity="0" line-rate="1" branch-rate="1">
                            <lines>
                                <line hits="1" number="114" branch="false"/>
                            </lines>
                        </method>
                        <method name="acp_nats::session_id::tests::acp_session_id_try_from_session_id" signature="" complexity="0" line-rate="1" branch-rate="1">
                            <lines>
                                <line hits="1" number="142" branch="false"/>
                            </lines>
                        </method>
                        <method name="acp_nats::session_id::tests::acp_session_id_too_long_returns_err" signature="" complexity="0" line-rate="1" branch-rate="1">
                            <lines>
                                <line hits="1" number="96" branch="false"/>
                            </lines>
                        </method>
                        <method name="&lt;acp_nats::session_id::SessionIdError as core::fmt::Display&gt;::fmt" signature="" complexity="0" line-rate="1" branch-rate="1">
                            <lines>
                                <line hits="9" number="20" branch="false"/>
                            </lines>
                        </method>
                        <method name="&lt;acp_nats::session_id::AcpSessionId as core::fmt::Display&gt;::fmt" signature="" complexity="0" line-rate="1" branch-rate="1">
                            <lines>
                                <line hits="4" number="70" branch="false"/>
                            </lines>
                        </method>
                        <method name="&lt;acp_nats::session_id::AcpSessionId as core::ops::deref::Deref&gt;::deref" signature="" complexity="0" line-rate="1" branch-rate="1">
                            <lines>
                                <line hits="2" number="78" branch="false"/>
                            </lines>
                        </method>
                        <method name="&lt;acp_nats::session_id::AcpSessionId as core::convert::TryFrom&lt;&amp;agent_client_protocol_schema::SessionId&gt;&gt;::try_from" signature="" complexity="0" line-rate="1" branch-rate="1">
                            <lines>
                                <line hits="32" number="86" branch="false"/>
                            </lines>
                        </method>
                    </methods>
                    <lines>
                        <line branch="false" hits="9" number="20"/>
                        <line branch="false" hits="9" number="21"/>
                        <line branch="false" hits="1" number="22"/>
                        <line branch="false" hits="7" number="23"/>
                        <line branch="false" hits="7" number="24"/>
                        <line branch="false" hits="1" number="26"/>
                        <line branch="false" hits="1" number="27"/>
                        <line branch="false" hits="9" number="30"/>
                        <line branch="false" hits="43" number="43"/>
                        <line branch="false" hits="43" number="44"/>
                        <line branch="false" hits="43" number="45"/>
                        <line branch="false" hits="1" number="46"/>
                        <line branch="false" hits="42" number="47"/>
                        <line branch="false" hits="42" number="48"/>
                        <line branch="false" hits="440" number="49"/>
                        <line branch="false" hits="440" number="50"/>
                        <line branch="false" hits="440" number="51"/>
                        <line branch="false" hits="1" number="52"/>
                        <line branch="false" hits="439" number="53"/>
                        <line branch="false" hits="439" number="54"/>
                        <line branch="false" hits="1" number="55"/>
                        <line branch="false" hits="438" number="56"/>
                        <line branch="false" hits="438" number="57"/>
                        <line branch="false" hits="11" number="58"/>
                        <line branch="false" hits="427" number="59"/>
                        <line branch="false" hits="29" number="61"/>
                        <line branch="false" hits="43" number="62"/>
                        <line branch="false" hits="19" number="64"/>
                        <line branch="false" hits="19" number="65"/>
                        <line branch="false" hits="19" number="66"/>
                        <line branch="false" hits="4" number="70"/>
                        <line branch="false" hits="4" number="71"/>
                        <line branch="false" hits="4" number="72"/>
                        <line branch="false" hits="2" number="78"/>
                        <line branch="false" hits="2" number="79"/>
                        <line branch="false" hits="2" number="80"/>
                        <line branch="false" hits="32" number="86"/>
                        <line branch="false" hits="32" number="87"/>
                        <line branch="false" hits="32" number="88"/>
                        <line branch="false" hits="1" number="96"/>
                        <line branch="false" hits="1" number="97"/>
                        <line branch="false" hits="1" number="98"/>
                        <line branch="false" hits="1" number="99"/>
                        <line branch="false" hits="1" number="101"/>
                        <line branch="false" hits="1" number="102"/>
                        <line branch="false" hits="1" number="105"/>
                        <line branch="false" hits="1" number="106"/>
                        <line branch="false" hits="1" number="107"/>
                        <line branch="false" hits="1" number="111"/>
                        <line branch="false" hits="1" number="114"/>
                        <line branch="false" hits="1" number="115"/>
                        <line branch="false" hits="1" number="116"/>
                        <line branch="false" hits="1" number="117"/>
                        <line branch="false" hits="1" number="118"/>
                        <line branch="false" hits="1" number="121"/>
                        <line branch="false" hits="1" number="122"/>
                        <line branch="false" hits="1" number="123"/>
                        <line branch="false" hits="1" number="127"/>
                        <line branch="false" hits="1" number="130"/>
                        <line branch="false" hits="1" number="131"/>
                        <line branch="false" hits="1" number="132"/>
                        <line branch="false" hits="1" number="133"/>
                        <line branch="false" hits="1" number="136"/>
                        <line branch="false" hits="1" number="137"/>
                        <line branch="false" hits="1" number="138"/>
                        <line branch="false" hits="1" number="139"/>
                        <line branch="false" hits="1" number="142"/>
                        <line branch="false" hits="1" number="145"/>
                        <line branch="false" hits="1" number="146"/>
                        <line branch="false" hits="1" number="147"/>
                        <line branch="false" hits="1" number="148"/>
                        <line branch="false" hits="1" number="152"/>
                        <line branch="false" hits="1" number="153"/>
                        <line branch="false" hits="1" number="154"/>
                        <line branch="false" hits="1" number="157"/>
                        <line branch="false" hits="1" number="158"/>
                        <line branch="false" hits="1" number="159"/>
                        <line branch="false" hits="1" number="160"/>
                        <line branch="false" hits="1" number="161"/>
                        <line branch="false" hits="1" number="162"/>
                        <line branch="false" hits="1" number="165"/>
                        <line branch="false" hits="1" number="166"/>
                        <line branch="false" hits="1" number="167"/>
                        <line branch="false" hits="1" number="170"/>
                        <line branch="false" hits="1" number="171"/>
                        <line branch="false" hits="1" number="177"/>
                        <line branch="false" hits="1" number="178"/>
                        <line branch="false" hits="1" number="181"/>
                    </lines>
                </class>
            </classes>
        </package>
    </packages>
</coverage>